[ 2017-02-26T08:58:45+08:00 ] 127.0.0.1 /Topic/publish
INFO: [ app_begin ] --START--
INFO: Run Behavior\ReadHtmlCacheBehavior [ RunTime:0.001000s ]
INFO: [ app_begin ] --END-- [ RunTime:0.001000s ]
SQL: SHOW COLUMNS FROM `user` [ RunTime:0.0620s ]
SQL: SELECT `id` FROM `user` WHERE `username` = '黑崎一护' LIMIT 1   [ RunTime:0.0010s ]
SQL: SELECT `id` FROM `user` WHERE `username` = '张三' LIMIT 1   [ RunTime:0.0000s ]
SQL: SELECT `id` FROM `user` WHERE `username` = '小红帽' LIMIT 1   [ RunTime:0.0010s ]
SQL: SHOW COLUMNS FROM `topic` [ RunTime:0.0020s ]
NOTIC: [8] Undefined index: validate E:\www\ThinkPHP\Library\Think\Model.class.php 第 1185 行.
NOTIC: [8] Undefined index: auto E:\www\ThinkPHP\Library\Think\Model.class.php 第 1128 行.
SQL: INSERT INTO `topic` (`uid`,`ip`,`content_over`,`content`,`create`) VALUES ('2','2130706433','','我要呼叫两个人，@黑崎一护 和@张三 算了还是三个人吧，@小红帽 在哪里？','1488070724') [ RunTime:0.1080s ]
SQL: SHOW COLUMNS FROM `refer` [ RunTime:0.0020s ]
NOTIC: [8] Undefined index: validate E:\www\ThinkPHP\Library\Think\Model.class.php 第 1185 行.
NOTIC: [8] Undefined index: auto E:\www\ThinkPHP\Library\Think\Model.class.php 第 1128 行.
SQL: INSERT INTO `refer` (`tid`,`uid`,`read`,`create`) VALUES ('31','3','0','1488070725') [ RunTime:0.1110s ]
NOTIC: [8] Undefined index: validate E:\www\ThinkPHP\Library\Think\Model.class.php 第 1185 行.
NOTIC: [8] Undefined index: auto E:\www\ThinkPHP\Library\Think\Model.class.php 第 1128 行.
SQL: INSERT INTO `refer` (`tid`,`uid`,`read`,`create`) VALUES ('31','1','0','1488070725') [ RunTime:0.0450s ]
NOTIC: [8] Undefined index: validate E:\www\ThinkPHP\Library\Think\Model.class.php 第 1185 行.
NOTIC: [8] Undefined index: auto E:\www\ThinkPHP\Library\Think\Model.class.php 第 1128 行.
SQL: INSERT INTO `refer` (`tid`,`uid`,`read`,`create`) VALUES ('31','4','0','1488070725') [ RunTime:0.0830s ]
NOTIC: [8] Undefined variable: saveTag E:\www\Application\Home\Controller\TopicController.class.php 第 29 行.
INFO: [ app_end ] --START--
INFO: Run Behavior\ShowPageTraceBehavior [ RunTime:0.001000s ]
INFO: [ app_end ] --END-- [ RunTime:0.001000s ]

[ 2017-02-26T09:37:08+08:00 ] 127.0.0.1 /seting/domain.html
ERR: 非法操作:domain

[ 2017-02-26T09:37:13+08:00 ] 127.0.0.1 /seting/refer.html
ERR: 非法操作:refer

[ 2017-02-26T09:46:27+08:00 ] 127.0.0.1 /seting/setUserInfo
INFO: [ app_begin ] --START--
INFO: Run Behavior\ReadHtmlCacheBehavior [ RunTime:0.001001s ]
INFO: [ app_begin ] --END-- [ RunTime:0.001001s ]
SQL: SHOW COLUMNS FROM `user` [ RunTime:0.0020s ]
NOTIC: [8] Undefined offset: 0 E:\www\ThinkPHP\Library\Think\Db\Driver.class.php 第 373 行.
SQL: UPDATE `user` SET `email`='xiaoxin@qq.com' WHERE `id` = '2' [ RunTime:0.0840s ]
NOTIC: [8] Undefined index: mapping_name E:\www\ThinkPHP\Library\Think\Model\RelationModel.class.php 第 259 行.
SQL: SHOW COLUMNS FROM `user_intro` [ RunTime:0.0010s ]
SQL: UPDATE `user_intro` SET `intro`='这当然是对蜡笔小新的简介了，哈哈！！！' WHERE `uid` = 2 [ RunTime:0.0560s ]
INFO: [ app_end ] --START--
INFO: Run Behavior\ShowPageTraceBehavior [ RunTime:0.000000s ]
INFO: [ app_end ] --END-- [ RunTime:0.000000s ]

[ 2017-02-26T09:46:42+08:00 ] 127.0.0.1 /seting/setUserInfo
INFO: [ app_begin ] --START--
INFO: Run Behavior\ReadHtmlCacheBehavior [ RunTime:0.000000s ]
INFO: [ app_begin ] --END-- [ RunTime:0.001000s ]
SQL: SHOW COLUMNS FROM `user` [ RunTime:0.0010s ]
NOTIC: [8] Undefined offset: 0 E:\www\ThinkPHP\Library\Think\Db\Driver.class.php 第 373 行.
SQL: UPDATE `user` SET `email`='xiaoxin@qq.com' WHERE `id` = '2' [ RunTime:0.0770s ]
NOTIC: [8] Undefined index: mapping_name E:\www\ThinkPHP\Library\Think\Model\RelationModel.class.php 第 259 行.
SQL: SHOW COLUMNS FROM `user_intro` [ RunTime:0.0010s ]
SQL: UPDATE `user_intro` SET `intro`='这当然是对蜡笔小新的简asdasd介了，哈哈！！！' WHERE `uid` = 2 [ RunTime:0.0640s ]
INFO: [ app_end ] --START--
INFO: Run Behavior\ShowPageTraceBehavior [ RunTime:0.000000s ]
INFO: [ app_end ] --END-- [ RunTime:0.000000s ]

[ 2017-02-26T09:47:10+08:00 ] 127.0.0.1 /seting/setUserInfo
INFO: [ app_begin ] --START--
INFO: Run Behavior\ReadHtmlCacheBehavior [ RunTime:0.001000s ]
INFO: [ app_begin ] --END-- [ RunTime:0.001000s ]
SQL: SHOW COLUMNS FROM `user` [ RunTime:0.0030s ]
NOTIC: [8] Undefined offset: 0 E:\www\ThinkPHP\Library\Think\Db\Driver.class.php 第 373 行.
SQL: UPDATE `user` SET `email`='xiaoxin111@qq.com' WHERE `id` = '2' [ RunTime:0.0740s ]
NOTIC: [8] Undefined index: mapping_name E:\www\ThinkPHP\Library\Think\Model\RelationModel.class.php 第 259 行.
SQL: SHOW COLUMNS FROM `user_intro` [ RunTime:0.0030s ]
SQL: UPDATE `user_intro` SET `intro`='这当然是对蜡笔小新的简asdasd介了，哈哈！！！' WHERE `uid` = 2 [ RunTime:0.0440s ]
INFO: [ app_end ] --START--
INFO: Run Behavior\ShowPageTraceBehavior [ RunTime:0.000000s ]
INFO: [ app_end ] --END-- [ RunTime:0.000000s ]

[ 2017-02-26T09:54:25+08:00 ] 127.0.0.1 /seting/setUserInfo
INFO: [ app_begin ] --START--
INFO: Run Behavior\ReadHtmlCacheBehavior [ RunTime:0.001000s ]
INFO: [ app_begin ] --END-- [ RunTime:0.001000s ]
SQL: SHOW COLUMNS FROM `user` [ RunTime:0.0010s ]
NOTIC: [8] Undefined offset: 0 E:\www\ThinkPHP\Library\Think\Db\Driver.class.php 第 373 行.
SQL: UPDATE `user` SET `email`='xiaoxinhaha@qq.com' WHERE `id` = '2' [ RunTime:0.0440s ]
NOTIC: [8] Undefined index: mapping_name E:\www\ThinkPHP\Library\Think\Model\RelationModel.class.php 第 259 行.
SQL: SHOW COLUMNS FROM `user_intro` [ RunTime:0.0020s ]
SQL: UPDATE `user_intro` SET `intro`='这当然是对蜡笔小新的简asdasd介了，哈哈！！！' WHERE `uid` = 2 [ RunTime:0.0640s ]
INFO: [ app_end ] --START--
INFO: Run Behavior\ShowPageTraceBehavior [ RunTime:0.002000s ]
INFO: [ app_end ] --END-- [ RunTime:0.002000s ]

[ 2017-02-26T09:55:45+08:00 ] 127.0.0.1 /seting/setUserInfo
INFO: [ app_begin ] --START--
INFO: Run Behavior\ReadHtmlCacheBehavior [ RunTime:0.000000s ]
INFO: [ app_begin ] --END-- [ RunTime:0.001000s ]
SQL: SHOW COLUMNS FROM `user` [ RunTime:0.0020s ]
NOTIC: [8] Undefined offset: 0 E:\www\ThinkPHP\Library\Think\Db\Driver.class.php 第 373 行.
SQL: UPDATE `user` SET `email`='xiaoxinhaha@qq.com' WHERE `id` = '2' [ RunTime:0.1010s ]
NOTIC: [8] Undefined index: mapping_name E:\www\ThinkPHP\Library\Think\Model\RelationModel.class.php 第 259 行.
SQL: SHOW COLUMNS FROM `user_intro` [ RunTime:0.0020s ]
SQL: UPDATE `user_intro` SET `intro`='这当然是对蜡笔小新的简介了，哈哈！！！' WHERE `uid` = 2 [ RunTime:0.0330s ]
INFO: [ app_end ] --START--
INFO: Run Behavior\ShowPageTraceBehavior [ RunTime:0.001000s ]
INFO: [ app_end ] --END-- [ RunTime:0.001000s ]

[ 2017-02-26T09:56:13+08:00 ] 127.0.0.1 /seting/setUserInfo
INFO: [ app_begin ] --START--
INFO: Run Behavior\ReadHtmlCacheBehavior [ RunTime:0.000000s ]
INFO: [ app_begin ] --END-- [ RunTime:0.000000s ]
SQL: SHOW COLUMNS FROM `user` [ RunTime:0.0010s ]
NOTIC: [8] Undefined offset: 0 E:\www\ThinkPHP\Library\Think\Db\Driver.class.php 第 373 行.
SQL: UPDATE `user` SET `email`='woshilabixiaoxin@qq.com' WHERE `id` = '2' [ RunTime:0.0720s ]
NOTIC: [8] Undefined index: mapping_name E:\www\ThinkPHP\Library\Think\Model\RelationModel.class.php 第 259 行.
SQL: SHOW COLUMNS FROM `user_intro` [ RunTime:0.0030s ]
SQL: UPDATE `user_intro` SET `intro`='这当然是对蜡笔小新的简介了，哈哈！！！' WHERE `uid` = 2 [ RunTime:0.0750s ]
INFO: [ app_end ] --START--
INFO: Run Behavior\ShowPageTraceBehavior [ RunTime:0.002000s ]
INFO: [ app_end ] --END-- [ RunTime:0.003000s ]

[ 2017-02-26T09:56:31+08:00 ] 127.0.0.1 /seting/setUserInfo
INFO: [ app_begin ] --START--
INFO: Run Behavior\ReadHtmlCacheBehavior [ RunTime:0.001000s ]
INFO: [ app_begin ] --END-- [ RunTime:0.001000s ]
SQL: SHOW COLUMNS FROM `user` [ RunTime:0.0010s ]
NOTIC: [8] Undefined offset: 0 E:\www\ThinkPHP\Library\Think\Db\Driver.class.php 第 373 行.
SQL: UPDATE `user` SET `email`='labixiaoxin@qq.com' WHERE `id` = '2' [ RunTime:0.0760s ]
NOTIC: [8] Undefined index: mapping_name E:\www\ThinkPHP\Library\Think\Model\RelationModel.class.php 第 259 行.
SQL: SHOW COLUMNS FROM `user_intro` [ RunTime:0.0020s ]
SQL: UPDATE `user_intro` SET `intro`='这当然是对蜡笔小新的简介了，哈哈！！！' WHERE `uid` = 2 [ RunTime:0.0440s ]
INFO: [ app_end ] --START--
INFO: Run Behavior\ShowPageTraceBehavior [ RunTime:0.000000s ]
INFO: [ app_end ] --END-- [ RunTime:0.000000s ]

[ 2017-02-26T10:03:01+08:00 ] 127.0.0.1 /seting/face.html
INFO: [ app_init ] --START--
INFO: Run Behavior\BuildLiteBehavior [ RunTime:0.000000s ]
INFO: [ app_init ] --END-- [ RunTime:0.000000s ]
INFO: [ app_begin ] --START--
INFO: Run Behavior\ReadHtmlCacheBehavior [ RunTime:0.000000s ]
INFO: [ app_begin ] --END-- [ RunTime:0.000000s ]
SQL: SHOW COLUMNS FROM `user` [ RunTime:0.0520s ]
SQL: SELECT `face` FROM `user` WHERE ( id=2 ) LIMIT 1   [ RunTime:0.0000s ]
INFO: [ view_parse ] --START--
INFO: [ template_filter ] --START--
INFO: Run Behavior\ContentReplaceBehavior [ RunTime:0.001000s ]
INFO: [ template_filter ] --END-- [ RunTime:0.001000s ]
INFO: Run Behavior\ParseTemplateBehavior [ RunTime:0.022001s ]
INFO: [ view_parse ] --END-- [ RunTime:0.023001s ]
INFO: [ view_filter ] --START--
INFO: Run Behavior\WriteHtmlCacheBehavior [ RunTime:0.001000s ]
INFO: [ view_filter ] --END-- [ RunTime:0.001000s ]
INFO: [ app_end ] --START--
INFO: Run Behavior\ShowPageTraceBehavior [ RunTime:0.001000s ]
INFO: [ app_end ] --END-- [ RunTime:0.001000s ]

[ 2017-02-26T10:03:02+08:00 ] 127.0.0.1 /seting/
INFO: [ app_init ] --START--
INFO: Run Behavior\BuildLiteBehavior [ RunTime:0.000000s ]
INFO: [ app_init ] --END-- [ RunTime:0.000000s ]
INFO: [ app_begin ] --START--
INFO: Run Behavior\ReadHtmlCacheBehavior [ RunTime:0.001000s ]
INFO: [ app_begin ] --END-- [ RunTime:0.001000s ]
SQL: SHOW COLUMNS FROM `user` [ RunTime:0.0020s ]
SQL: SELECT `id`,`username`,`email` FROM `user` WHERE `id` = 2 LIMIT 1   [ RunTime:0.0000s ]
SQL: SHOW COLUMNS FROM `user_intro` [ RunTime:0.0010s ]
SQL: SELECT `intro` FROM `user_intro` WHERE ( 1=1 AND uid='2' ) LIMIT 1   [ RunTime:0.0010s ]
INFO: [ view_parse ] --START--
INFO: [ template_filter ] --START--
INFO: Run Behavior\ContentReplaceBehavior [ RunTime:0.000000s ]
INFO: [ template_filter ] --END-- [ RunTime:0.000000s ]
INFO: Run Behavior\ParseTemplateBehavior [ RunTime:0.008000s ]
INFO: [ view_parse ] --END-- [ RunTime:0.008000s ]
INFO: [ view_filter ] --START--
INFO: Run Behavior\WriteHtmlCacheBehavior [ RunTime:0.001000s ]
INFO: [ view_filter ] --END-- [ RunTime:0.001000s ]
INFO: [ app_end ] --START--
INFO: Run Behavior\ShowPageTraceBehavior [ RunTime:0.000000s ]
INFO: [ app_end ] --END-- [ RunTime:0.000000s ]

[ 2017-02-26T10:03:11+08:00 ] 127.0.0.1 /File/faceUpload
INFO: [ app_init ] --START--
INFO: Run Behavior\BuildLiteBehavior [ RunTime:0.000000s ]
INFO: [ app_init ] --END-- [ RunTime:0.000000s ]
INFO: [ app_begin ] --START--
INFO: Run Behavior\ReadHtmlCacheBehavior [ RunTime:0.001000s ]
INFO: [ app_begin ] --END-- [ RunTime:0.001000s ]
NOTIC: [2] call_user_func() expects parameter 1 to be a valid callback, no array or string given E:\www\ThinkPHP\Library\Think\Upload.class.php 第 170 行.
INFO: [ app_end ] --START--
INFO: Run Behavior\ShowPageTraceBehavior [ RunTime:0.000000s ]
INFO: [ app_end ] --END-- [ RunTime:0.001000s ]

[ 2017-02-26T10:03:41+08:00 ] 127.0.0.1 /seting/face
INFO: [ app_init ] --START--
INFO: Run Behavior\BuildLiteBehavior [ RunTime:0.000000s ]
INFO: [ app_init ] --END-- [ RunTime:0.000000s ]
INFO: [ app_begin ] --START--
INFO: Run Behavior\ReadHtmlCacheBehavior [ RunTime:0.002000s ]
INFO: [ app_begin ] --END-- [ RunTime:0.002000s ]
SQL: SHOW COLUMNS FROM `user` [ RunTime:0.0020s ]
SQL: UPDATE `user` SET `face`='/Uploads/face/2.jpg' WHERE ( id=2 ) [ RunTime:0.0730s ]
INFO: [ app_end ] --START--
INFO: Run Behavior\ShowPageTraceBehavior [ RunTime:0.001000s ]
INFO: [ app_end ] --END-- [ RunTime:0.001000s ]

[ 2017-02-26T10:03:42+08:00 ] 127.0.0.1 /seting/
INFO: [ app_init ] --START--
INFO: Run Behavior\BuildLiteBehavior [ RunTime:0.001000s ]
INFO: [ app_init ] --END-- [ RunTime:0.001000s ]
INFO: [ app_begin ] --START--
INFO: Run Behavior\ReadHtmlCacheBehavior [ RunTime:0.000000s ]
INFO: [ app_begin ] --END-- [ RunTime:0.000000s ]
SQL: SHOW COLUMNS FROM `user` [ RunTime:0.0010s ]
SQL: SELECT `id`,`username`,`email` FROM `user` WHERE `id` = 2 LIMIT 1   [ RunTime:0.0010s ]
SQL: SHOW COLUMNS FROM `user_intro` [ RunTime:0.0010s ]
SQL: SELECT `intro` FROM `user_intro` WHERE ( 1=1 AND uid='2' ) LIMIT 1   [ RunTime:0.0000s ]
INFO: [ view_parse ] --START--
INFO: [ template_filter ] --START--
INFO: Run Behavior\ContentReplaceBehavior [ RunTime:0.000000s ]
INFO: [ template_filter ] --END-- [ RunTime:0.000000s ]
INFO: Run Behavior\ParseTemplateBehavior [ RunTime:0.010000s ]
INFO: [ view_parse ] --END-- [ RunTime:0.010000s ]
INFO: [ view_filter ] --START--
INFO: Run Behavior\WriteHtmlCacheBehavior [ RunTime:0.001000s ]
INFO: [ view_filter ] --END-- [ RunTime:0.001000s ]
INFO: [ app_end ] --START--
INFO: Run Behavior\ShowPageTraceBehavior [ RunTime:0.000000s ]
INFO: [ app_end ] --END-- [ RunTime:0.000000s ]

[ 2017-02-26T10:03:59+08:00 ] 127.0.0.1 /index
INFO: [ app_init ] --START--
INFO: Run Behavior\BuildLiteBehavior [ RunTime:0.000000s ]
INFO: [ app_init ] --END-- [ RunTime:0.000000s ]
INFO: [ app_begin ] --START--
INFO: Run Behavior\ReadHtmlCacheBehavior [ RunTime:0.001000s ]
INFO: [ app_begin ] --END-- [ RunTime:0.001000s ]
SQL: SHOW COLUMNS FROM `user` [ RunTime:0.0020s ]
SQL: UPDATE `user` SET `last_time`='1488074638',`last_ip`='2130706433' WHERE `id` = '2' [ RunTime:0.0730s ]
SQL: SHOW COLUMNS FROM `topic` [ RunTime:0.0010s ]
SQL: SHOW COLUMNS FROM `topic` [ RunTime:0.0010s ]
SQL: SELECT a.id,a.content,a.content_over,a.create,a.uid,b.face face,b.username username FROM topic a,user b WHERE ( a.uid=b.id ) ORDER BY `create` DESC LIMIT 0,5   [ RunTime:0.0000s ]
SQL: SHOW COLUMNS FROM `topic_img` [ RunTime:0.0010s ]
SQL: SELECT * FROM `topic_img` WHERE ( 1=1 AND topic_id='31' )  [ RunTime:0.0020s ]
SQL: SHOW COLUMNS FROM `comment` [ RunTime:0.0010s ]
SQL: SELECT `id`,`content`,`creat`,`tid`,`uid` FROM `comment` WHERE ( 1=1 AND tid='31' ) ORDER BY creat DESC  [ RunTime:0.0010s ]
SQL: SELECT * FROM `topic_img` WHERE ( 1=1 AND topic_id='30' )  [ RunTime:0.0000s ]
SQL: SELECT `id`,`content`,`creat`,`tid`,`uid` FROM `comment` WHERE ( 1=1 AND tid='30' ) ORDER BY creat DESC  [ RunTime:0.0000s ]
SQL: SELECT * FROM `topic_img` WHERE ( 1=1 AND topic_id='29' )  [ RunTime:0.0000s ]
SQL: SELECT `id`,`content`,`creat`,`tid`,`uid` FROM `comment` WHERE ( 1=1 AND tid='29' ) ORDER BY creat DESC  [ RunTime:0.0000s ]
SQL: SELECT * FROM `topic_img` WHERE ( 1=1 AND topic_id='28' )  [ RunTime:0.0000s ]
SQL: SELECT `id`,`content`,`creat`,`tid`,`uid` FROM `comment` WHERE ( 1=1 AND tid='28' ) ORDER BY creat DESC  [ RunTime:0.0000s ]
SQL: SELECT * FROM `topic_img` WHERE ( 1=1 AND topic_id='27' )  [ RunTime:0.0000s ]
SQL: SELECT `id`,`content`,`creat`,`tid`,`uid` FROM `comment` WHERE ( 1=1 AND tid='27' ) ORDER BY creat DESC  [ RunTime:0.0000s ]
SQL: SELECT * FROM `topic`  [ RunTime:0.0010s ]
SQL: SHOW COLUMNS FROM `comment` [ RunTime:0.0010s ]
SQL: SELECT `content`,`creat`,`uid` FROM `comment` WHERE ( tid=31 ) ORDER BY creat DESC  [ RunTime:0.0010s ]
SQL: SHOW COLUMNS FROM `user` [ RunTime:0.0010s ]
SQL: SELECT `id` FROM `user` WHERE `username` = '黑崎一护' LIMIT 1   [ RunTime:0.0000s ]
SQL: SELECT `id` FROM `user` WHERE `username` = '张三' LIMIT 1   [ RunTime:0.0000s ]
SQL: SELECT `id` FROM `user` WHERE `username` = '小红帽' LIMIT 1   [ RunTime:0.0000s ]
SQL: SELECT `content`,`creat`,`uid` FROM `comment` WHERE ( tid=30 ) ORDER BY creat DESC  [ RunTime:0.0010s ]
SQL: SELECT `username` FROM `user` WHERE ( 1=1 AND id='3' ) LIMIT 1   [ RunTime:0.0000s ]
SQL: SELECT `username` FROM `user` WHERE ( 1=1 AND id='3' ) LIMIT 1   [ RunTime:0.0010s ]
SQL: SELECT `username` FROM `user` WHERE ( 1=1 AND id='2' ) LIMIT 1   [ RunTime:0.0000s ]
SQL: SELECT `id` FROM `user` WHERE `username` = '张三' LIMIT 1   [ RunTime:0.0010s ]
SQL: SELECT `content`,`creat`,`uid` FROM `comment` WHERE ( tid=29 ) ORDER BY creat DESC  [ RunTime:0.0000s ]
SQL: SELECT `username` FROM `user` WHERE ( 1=1 AND id='3' ) LIMIT 1   [ RunTime:0.0010s ]
SQL: SELECT `id` FROM `user` WHERE `username` = '蜡笔小新' LIMIT 1   [ RunTime:0.0000s ]
SQL: SELECT `id` FROM `user` WHERE `username` = '张三' LIMIT 1   [ RunTime:0.0010s ]
SQL: SELECT `id` FROM `user` WHERE `username` = '蜡笔小新' LIMIT 1   [ RunTime:0.0000s ]
SQL: SELECT `content`,`creat`,`uid` FROM `comment` WHERE ( tid=28 ) ORDER BY creat DESC  [ RunTime:0.0000s ]
SQL: SELECT `content`,`creat`,`uid` FROM `comment` WHERE ( tid=27 ) ORDER BY creat DESC  [ RunTime:0.0000s ]
SQL: SELECT `username` FROM `user` WHERE ( 1=1 AND id='3' ) LIMIT 1   [ RunTime:0.0000s ]
SQL: SELECT `username` FROM `user` WHERE ( 1=1 AND id='3' ) LIMIT 1   [ RunTime:0.0000s ]
SQL: SELECT `username` FROM `user` WHERE ( 1=1 AND id='3' ) LIMIT 1   [ RunTime:0.0050s ]
INFO: [ view_parse ] --START--
INFO: [ template_filter ] --START--
INFO: Run Behavior\ContentReplaceBehavior [ RunTime:0.000000s ]
INFO: [ template_filter ] --END-- [ RunTime:0.000000s ]
INFO: Run Behavior\ParseTemplateBehavior [ RunTime:0.011001s ]
INFO: [ view_parse ] --END-- [ RunTime:0.011001s ]
INFO: [ view_filter ] --START--
INFO: Run Behavior\WriteHtmlCacheBehavior [ RunTime:0.000000s ]
INFO: [ view_filter ] --END-- [ RunTime:0.000000s ]
INFO: [ app_end ] --START--
INFO: Run Behavior\ShowPageTraceBehavior [ RunTime:0.001000s ]
INFO: [ app_end ] --END-- [ RunTime:0.001000s ]

[ 2017-02-26T10:04:02+08:00 ] 127.0.0.1 /index
INFO: [ app_init ] --START--
INFO: Run Behavior\BuildLiteBehavior [ RunTime:0.000000s ]
INFO: [ app_init ] --END-- [ RunTime:0.001000s ]
INFO: [ app_begin ] --START--
INFO: Run Behavior\ReadHtmlCacheBehavior [ RunTime:0.000000s ]
INFO: [ app_begin ] --END-- [ RunTime:0.000000s ]
SQL: SHOW COLUMNS FROM `user` [ RunTime:0.0020s ]
SQL: UPDATE `user` SET `last_time`='1488074642',`last_ip`='2130706433' WHERE `id` = '2' [ RunTime:0.0790s ]
SQL: SHOW COLUMNS FROM `topic` [ RunTime:0.0020s ]
SQL: SHOW COLUMNS FROM `topic` [ RunTime:0.0010s ]
SQL: SELECT a.id,a.content,a.content_over,a.create,a.uid,b.face face,b.username username FROM topic a,user b WHERE ( a.uid=b.id ) ORDER BY `create` DESC LIMIT 0,5   [ RunTime:0.0000s ]
SQL: SHOW COLUMNS FROM `topic_img` [ RunTime:0.0010s ]
SQL: SELECT * FROM `topic_img` WHERE ( 1=1 AND topic_id='31' )  [ RunTime:0.0000s ]
SQL: SHOW COLUMNS FROM `comment` [ RunTime:0.0010s ]
SQL: SELECT `id`,`content`,`creat`,`tid`,`uid` FROM `comment` WHERE ( 1=1 AND tid='31' ) ORDER BY creat DESC  [ RunTime:0.0000s ]
SQL: SELECT * FROM `topic_img` WHERE ( 1=1 AND topic_id='30' )  [ RunTime:0.0010s ]
SQL: SELECT `id`,`content`,`creat`,`tid`,`uid` FROM `comment` WHERE ( 1=1 AND tid='30' ) ORDER BY creat DESC  [ RunTime:0.0000s ]
SQL: SELECT * FROM `topic_img` WHERE ( 1=1 AND topic_id='29' )  [ RunTime:0.0000s ]
SQL: SELECT `id`,`content`,`creat`,`tid`,`uid` FROM `comment` WHERE ( 1=1 AND tid='29' ) ORDER BY creat DESC  [ RunTime:0.0000s ]
SQL: SELECT * FROM `topic_img` WHERE ( 1=1 AND topic_id='28' )  [ RunTime:0.0000s ]
SQL: SELECT `id`,`content`,`creat`,`tid`,`uid` FROM `comment` WHERE ( 1=1 AND tid='28' ) ORDER BY creat DESC  [ RunTime:0.0000s ]
SQL: SELECT * FROM `topic_img` WHERE ( 1=1 AND topic_id='27' )  [ RunTime:0.0000s ]
SQL: SELECT `id`,`content`,`creat`,`tid`,`uid` FROM `comment` WHERE ( 1=1 AND tid='27' ) ORDER BY creat DESC  [ RunTime:0.0000s ]
SQL: SELECT * FROM `topic`  [ RunTime:0.0010s ]
SQL: SHOW COLUMNS FROM `comment` [ RunTime:0.0020s ]
SQL: SELECT `content`,`creat`,`uid` FROM `comment` WHERE ( tid=31 ) ORDER BY creat DESC  [ RunTime:0.0000s ]
SQL: SHOW COLUMNS FROM `user` [ RunTime:0.0030s ]
SQL: SELECT `id` FROM `user` WHERE `username` = '黑崎一护' LIMIT 1   [ RunTime:0.0000s ]
SQL: SELECT `id` FROM `user` WHERE `username` = '张三' LIMIT 1   [ RunTime:0.0000s ]
SQL: SELECT `id` FROM `user` WHERE `username` = '小红帽' LIMIT 1   [ RunTime:0.0000s ]
SQL: SELECT `content`,`creat`,`uid` FROM `comment` WHERE ( tid=30 ) ORDER BY creat DESC  [ RunTime:0.0000s ]
SQL: SELECT `username` FROM `user` WHERE ( 1=1 AND id='3' ) LIMIT 1   [ RunTime:0.0010s ]
SQL: SELECT `username` FROM `user` WHERE ( 1=1 AND id='3' ) LIMIT 1   [ RunTime:0.0000s ]
SQL: SELECT `username` FROM `user` WHERE ( 1=1 AND id='2' ) LIMIT 1   [ RunTime:0.0010s ]
SQL: SELECT `id` FROM `user` WHERE `username` = '张三' LIMIT 1   [ RunTime:0.0000s ]
SQL: SELECT `content`,`creat`,`uid` FROM `comment` WHERE ( tid=29 ) ORDER BY creat DESC  [ RunTime:0.0010s ]
SQL: SELECT `username` FROM `user` WHERE ( 1=1 AND id='3' ) LIMIT 1   [ RunTime:0.0000s ]
SQL: SELECT `id` FROM `user` WHERE `username` = '蜡笔小新' LIMIT 1   [ RunTime:0.0000s ]
SQL: SELECT `id` FROM `user` WHERE `username` = '张三' LIMIT 1   [ RunTime:0.0000s ]
SQL: SELECT `id` FROM `user` WHERE `username` = '蜡笔小新' LIMIT 1   [ RunTime:0.0000s ]
SQL: SELECT `content`,`creat`,`uid` FROM `comment` WHERE ( tid=28 ) ORDER BY creat DESC  [ RunTime:0.0010s ]
SQL: SELECT `content`,`creat`,`uid` FROM `comment` WHERE ( tid=27 ) ORDER BY creat DESC  [ RunTime:0.0000s ]
SQL: SELECT `username` FROM `user` WHERE ( 1=1 AND id='3' ) LIMIT 1   [ RunTime:0.0000s ]
SQL: SELECT `username` FROM `user` WHERE ( 1=1 AND id='3' ) LIMIT 1   [ RunTime:0.0000s ]
SQL: SELECT `username` FROM `user` WHERE ( 1=1 AND id='3' ) LIMIT 1   [ RunTime:0.0000s ]
INFO: [ view_parse ] --START--
INFO: [ template_filter ] --START--
INFO: Run Behavior\ContentReplaceBehavior [ RunTime:0.000000s ]
INFO: [ template_filter ] --END-- [ RunTime:0.000000s ]
INFO: Run Behavior\ParseTemplateBehavior [ RunTime:0.010000s ]
INFO: [ view_parse ] --END-- [ RunTime:0.010000s ]
INFO: [ view_filter ] --START--
INFO: Run Behavior\WriteHtmlCacheBehavior [ RunTime:0.001001s ]
INFO: [ view_filter ] --END-- [ RunTime:0.001001s ]
INFO: [ app_end ] --START--
INFO: Run Behavior\ShowPageTraceBehavior [ RunTime:0.000000s ]
INFO: [ app_end ] --END-- [ RunTime:0.000000s ]

[ 2017-02-26T10:04:23+08:00 ] 127.0.0.1 /seting/index.html
INFO: [ app_init ] --START--
INFO: Run Behavior\BuildLiteBehavior [ RunTime:0.000000s ]
INFO: [ app_init ] --END-- [ RunTime:0.000000s ]
INFO: [ app_begin ] --START--
INFO: Run Behavior\ReadHtmlCacheBehavior [ RunTime:0.001000s ]
INFO: [ app_begin ] --END-- [ RunTime:0.001000s ]
SQL: SHOW COLUMNS FROM `user` [ RunTime:0.0020s ]
SQL: SELECT `id`,`username`,`email` FROM `user` WHERE `id` = 2 LIMIT 1   [ RunTime:0.0000s ]
SQL: SHOW COLUMNS FROM `user_intro` [ RunTime:0.0020s ]
SQL: SELECT `intro` FROM `user_intro` WHERE ( 1=1 AND uid='2' ) LIMIT 1   [ RunTime:0.0000s ]
INFO: [ view_parse ] --START--
INFO: [ template_filter ] --START--
INFO: Run Behavior\ContentReplaceBehavior [ RunTime:0.000000s ]
INFO: [ template_filter ] --END-- [ RunTime:0.000000s ]
INFO: Run Behavior\ParseTemplateBehavior [ RunTime:0.007000s ]
INFO: [ view_parse ] --END-- [ RunTime:0.007000s ]
INFO: [ view_filter ] --START--
INFO: Run Behavior\WriteHtmlCacheBehavior [ RunTime:0.000000s ]
INFO: [ view_filter ] --END-- [ RunTime:0.000000s ]
INFO: [ app_end ] --START--
INFO: Run Behavior\ShowPageTraceBehavior [ RunTime:0.001000s ]
INFO: [ app_end ] --END-- [ RunTime:0.001000s ]

[ 2017-02-26T10:04:35+08:00 ] 127.0.0.1 /seting/face.html
INFO: [ app_init ] --START--
INFO: Run Behavior\BuildLiteBehavior [ RunTime:0.000000s ]
INFO: [ app_init ] --END-- [ RunTime:0.000000s ]
INFO: [ app_begin ] --START--
INFO: Run Behavior\ReadHtmlCacheBehavior [ RunTime:0.000000s ]
INFO: [ app_begin ] --END-- [ RunTime:0.000000s ]
SQL: SHOW COLUMNS FROM `user` [ RunTime:0.0010s ]
SQL: SELECT `face` FROM `user` WHERE ( id=2 ) LIMIT 1   [ RunTime:0.0010s ]
INFO: [ view_parse ] --START--
INFO: [ template_filter ] --START--
INFO: Run Behavior\ContentReplaceBehavior [ RunTime:0.000000s ]
INFO: [ template_filter ] --END-- [ RunTime:0.000000s ]
INFO: Run Behavior\ParseTemplateBehavior [ RunTime:0.008001s ]
INFO: [ view_parse ] --END-- [ RunTime:0.008001s ]
INFO: [ view_filter ] --START--
INFO: Run Behavior\WriteHtmlCacheBehavior [ RunTime:0.000000s ]
INFO: [ view_filter ] --END-- [ RunTime:0.000000s ]
INFO: [ app_end ] --START--
INFO: Run Behavior\ShowPageTraceBehavior [ RunTime:0.000000s ]
INFO: [ app_end ] --END-- [ RunTime:0.000000s ]

[ 2017-02-26T10:04:36+08:00 ] 127.0.0.1 /seting/
INFO: [ app_init ] --START--
INFO: Run Behavior\BuildLiteBehavior [ RunTime:0.000000s ]
INFO: [ app_init ] --END-- [ RunTime:0.000000s ]
INFO: [ app_begin ] --START--
INFO: Run Behavior\ReadHtmlCacheBehavior [ RunTime:0.000000s ]
INFO: [ app_begin ] --END-- [ RunTime:0.000000s ]
SQL: SHOW COLUMNS FROM `user` [ RunTime:0.0010s ]
SQL: SELECT `id`,`username`,`email` FROM `user` WHERE `id` = 2 LIMIT 1   [ RunTime:0.0000s ]
SQL: SHOW COLUMNS FROM `user_intro` [ RunTime:0.0020s ]
SQL: SELECT `intro` FROM `user_intro` WHERE ( 1=1 AND uid='2' ) LIMIT 1   [ RunTime:0.0010s ]
INFO: [ view_parse ] --START--
INFO: [ template_filter ] --START--
INFO: Run Behavior\ContentReplaceBehavior [ RunTime:0.000000s ]
INFO: [ template_filter ] --END-- [ RunTime:0.000000s ]
INFO: Run Behavior\ParseTemplateBehavior [ RunTime:0.006001s ]
INFO: [ view_parse ] --END-- [ RunTime:0.006001s ]
INFO: [ view_filter ] --START--
INFO: Run Behavior\WriteHtmlCacheBehavior [ RunTime:0.000000s ]
INFO: [ view_filter ] --END-- [ RunTime:0.000000s ]
INFO: [ app_end ] --START--
INFO: Run Behavior\ShowPageTraceBehavior [ RunTime:0.000000s ]
INFO: [ app_end ] --END-- [ RunTime:0.000000s ]

[ 2017-02-26T10:04:48+08:00 ] 127.0.0.1 /File/faceUpload
INFO: [ app_init ] --START--
INFO: Run Behavior\BuildLiteBehavior [ RunTime:0.000000s ]
INFO: [ app_init ] --END-- [ RunTime:0.001000s ]
INFO: [ app_begin ] --START--
INFO: Run Behavior\ReadHtmlCacheBehavior [ RunTime:0.001000s ]
INFO: [ app_begin ] --END-- [ RunTime:0.001000s ]
NOTIC: [2] call_user_func() expects parameter 1 to be a valid callback, no array or string given E:\www\ThinkPHP\Library\Think\Upload.class.php 第 170 行.
INFO: [ app_end ] --START--
INFO: Run Behavior\ShowPageTraceBehavior [ RunTime:0.001000s ]
INFO: [ app_end ] --END-- [ RunTime:0.001000s ]

[ 2017-02-26T10:05:03+08:00 ] 127.0.0.1 /seting/face
INFO: [ app_init ] --START--
INFO: Run Behavior\BuildLiteBehavior [ RunTime:0.000000s ]
INFO: [ app_init ] --END-- [ RunTime:0.000000s ]
INFO: [ app_begin ] --START--
INFO: Run Behavior\ReadHtmlCacheBehavior [ RunTime:0.000000s ]
INFO: [ app_begin ] --END-- [ RunTime:0.000000s ]
SQL: SHOW COLUMNS FROM `user` [ RunTime:0.0010s ]
SQL: UPDATE `user` SET `face`='/Uploads/face/2.jpg' WHERE ( id=2 ) [ RunTime:0.0710s ]
INFO: [ app_end ] --START--
INFO: Run Behavior\ShowPageTraceBehavior [ RunTime:0.001000s ]
INFO: [ app_end ] --END-- [ RunTime:0.001000s ]

[ 2017-02-26T10:05:03+08:00 ] 127.0.0.1 /seting/
INFO: [ app_init ] --START--
INFO: Run Behavior\BuildLiteBehavior [ RunTime:0.000000s ]
INFO: [ app_init ] --END-- [ RunTime:0.000000s ]
INFO: [ app_begin ] --START--
INFO: Run Behavior\ReadHtmlCacheBehavior [ RunTime:0.000000s ]
INFO: [ app_begin ] --END-- [ RunTime:0.000000s ]
SQL: SHOW COLUMNS FROM `user` [ RunTime:0.0010s ]
SQL: SELECT `id`,`username`,`email` FROM `user` WHERE `id` = 2 LIMIT 1   [ RunTime:0.0010s ]
SQL: SHOW COLUMNS FROM `user_intro` [ RunTime:0.0010s ]
SQL: SELECT `intro` FROM `user_intro` WHERE ( 1=1 AND uid='2' ) LIMIT 1   [ RunTime:0.0010s ]
INFO: [ view_parse ] --START--
INFO: [ template_filter ] --START--
INFO: Run Behavior\ContentReplaceBehavior [ RunTime:0.000000s ]
INFO: [ template_filter ] --END-- [ RunTime:0.000000s ]
INFO: Run Behavior\ParseTemplateBehavior [ RunTime:0.008000s ]
INFO: [ view_parse ] --END-- [ RunTime:0.008000s ]
INFO: [ view_filter ] --START--
INFO: Run Behavior\WriteHtmlCacheBehavior [ RunTime:0.000000s ]
INFO: [ view_filter ] --END-- [ RunTime:0.000000s ]
INFO: [ app_end ] --START--
INFO: Run Behavior\ShowPageTraceBehavior [ RunTime:0.001000s ]
INFO: [ app_end ] --END-- [ RunTime:0.001000s ]

[ 2017-02-26T10:05:06+08:00 ] 127.0.0.1 /seting/face.html
INFO: [ app_init ] --START--
INFO: Run Behavior\BuildLiteBehavior [ RunTime:0.000000s ]
INFO: [ app_init ] --END-- [ RunTime:0.000000s ]
INFO: [ app_begin ] --START--
INFO: Run Behavior\ReadHtmlCacheBehavior [ RunTime:0.001000s ]
INFO: [ app_begin ] --END-- [ RunTime:0.001000s ]
SQL: SHOW COLUMNS FROM `user` [ RunTime:0.0030s ]
SQL: SELECT `face` FROM `user` WHERE ( id=2 ) LIMIT 1   [ RunTime:0.0000s ]
INFO: [ view_parse ] --START--
INFO: [ template_filter ] --START--
INFO: Run Behavior\ContentReplaceBehavior [ RunTime:0.000000s ]
INFO: [ template_filter ] --END-- [ RunTime:0.000000s ]
INFO: Run Behavior\ParseTemplateBehavior [ RunTime:0.008001s ]
INFO: [ view_parse ] --END-- [ RunTime:0.008001s ]
INFO: [ view_filter ] --START--
INFO: Run Behavior\WriteHtmlCacheBehavior [ RunTime:0.000000s ]
INFO: [ view_filter ] --END-- [ RunTime:0.000000s ]
INFO: [ app_end ] --START--
INFO: Run Behavior\ShowPageTraceBehavior [ RunTime:0.001000s ]
INFO: [ app_end ] --END-- [ RunTime:0.001000s ]

[ 2017-02-26T10:05:07+08:00 ] 127.0.0.1 /seting/
INFO: [ app_init ] --START--
INFO: Run Behavior\BuildLiteBehavior [ RunTime:0.000000s ]
INFO: [ app_init ] --END-- [ RunTime:0.000000s ]
INFO: [ app_begin ] --START--
INFO: Run Behavior\ReadHtmlCacheBehavior [ RunTime:0.000000s ]
INFO: [ app_begin ] --END-- [ RunTime:0.000000s ]
SQL: SHOW COLUMNS FROM `user` [ RunTime:0.0010s ]
SQL: SELECT `id`,`username`,`email` FROM `user` WHERE `id` = 2 LIMIT 1   [ RunTime:0.0000s ]
SQL: SHOW COLUMNS FROM `user_intro` [ RunTime:0.0010s ]
SQL: SELECT `intro` FROM `user_intro` WHERE ( 1=1 AND uid='2' ) LIMIT 1   [ RunTime:0.0000s ]
INFO: [ view_parse ] --START--
INFO: [ template_filter ] --START--
INFO: Run Behavior\ContentReplaceBehavior [ RunTime:0.000000s ]
INFO: [ template_filter ] --END-- [ RunTime:0.000000s ]
INFO: Run Behavior\ParseTemplateBehavior [ RunTime:0.011001s ]
INFO: [ view_parse ] --END-- [ RunTime:0.011001s ]
INFO: [ view_filter ] --START--
INFO: Run Behavior\WriteHtmlCacheBehavior [ RunTime:0.001000s ]
INFO: [ view_filter ] --END-- [ RunTime:0.001000s ]
INFO: [ app_end ] --START--
INFO: Run Behavior\ShowPageTraceBehavior [ RunTime:0.001000s ]
INFO: [ app_end ] --END-- [ RunTime:0.001000s ]

[ 2017-02-26T10:05:09+08:00 ] 127.0.0.1 /index
INFO: [ app_init ] --START--
INFO: Run Behavior\BuildLiteBehavior [ RunTime:0.000000s ]
INFO: [ app_init ] --END-- [ RunTime:0.001000s ]
INFO: [ app_begin ] --START--
INFO: Run Behavior\ReadHtmlCacheBehavior [ RunTime:0.000000s ]
INFO: [ app_begin ] --END-- [ RunTime:0.000000s ]
SQL: SHOW COLUMNS FROM `user` [ RunTime:0.0020s ]
SQL: UPDATE `user` SET `last_time`='1488074709',`last_ip`='2130706433' WHERE `id` = '2' [ RunTime:0.0470s ]
SQL: SHOW COLUMNS FROM `topic` [ RunTime:0.0020s ]
SQL: SHOW COLUMNS FROM `topic` [ RunTime:0.0060s ]
SQL: SELECT a.id,a.content,a.content_over,a.create,a.uid,b.face face,b.username username FROM topic a,user b WHERE ( a.uid=b.id ) ORDER BY `create` DESC LIMIT 0,5   [ RunTime:0.0010s ]
SQL: SHOW COLUMNS FROM `topic_img` [ RunTime:0.0040s ]
SQL: SELECT * FROM `topic_img` WHERE ( 1=1 AND topic_id='31' )  [ RunTime:0.0000s ]
SQL: SHOW COLUMNS FROM `comment` [ RunTime:0.0010s ]
SQL: SELECT `id`,`content`,`creat`,`tid`,`uid` FROM `comment` WHERE ( 1=1 AND tid='31' ) ORDER BY creat DESC  [ RunTime:0.0000s ]
SQL: SELECT * FROM `topic_img` WHERE ( 1=1 AND topic_id='30' )  [ RunTime:0.0000s ]
SQL: SELECT `id`,`content`,`creat`,`tid`,`uid` FROM `comment` WHERE ( 1=1 AND tid='30' ) ORDER BY creat DESC  [ RunTime:0.0010s ]
SQL: SELECT * FROM `topic_img` WHERE ( 1=1 AND topic_id='29' )  [ RunTime:0.0000s ]
SQL: SELECT `id`,`content`,`creat`,`tid`,`uid` FROM `comment` WHERE ( 1=1 AND tid='29' ) ORDER BY creat DESC  [ RunTime:0.0000s ]
SQL: SELECT * FROM `topic_img` WHERE ( 1=1 AND topic_id='28' )  [ RunTime:0.0010s ]
SQL: SELECT `id`,`content`,`creat`,`tid`,`uid` FROM `comment` WHERE ( 1=1 AND tid='28' ) ORDER BY creat DESC  [ RunTime:0.0010s ]
SQL: SELECT * FROM `topic_img` WHERE ( 1=1 AND topic_id='27' )  [ RunTime:0.0030s ]
SQL: SELECT `id`,`content`,`creat`,`tid`,`uid` FROM `comment` WHERE ( 1=1 AND tid='27' ) ORDER BY creat DESC  [ RunTime:0.0000s ]
SQL: SELECT * FROM `topic`  [ RunTime:0.0000s ]
SQL: SHOW COLUMNS FROM `comment` [ RunTime:0.0030s ]
SQL: SELECT `content`,`creat`,`uid` FROM `comment` WHERE ( tid=31 ) ORDER BY creat DESC  [ RunTime:0.0000s ]
SQL: SHOW COLUMNS FROM `user` [ RunTime:0.0020s ]
SQL: SELECT `id` FROM `user` WHERE `username` = '黑崎一护' LIMIT 1   [ RunTime:0.0010s ]
SQL: SELECT `id` FROM `user` WHERE `username` = '张三' LIMIT 1   [ RunTime:0.0000s ]
SQL: SELECT `id` FROM `user` WHERE `username` = '小红帽' LIMIT 1   [ RunTime:0.0010s ]
SQL: SELECT `content`,`creat`,`uid` FROM `comment` WHERE ( tid=30 ) ORDER BY creat DESC  [ RunTime:0.0000s ]
SQL: SELECT `username` FROM `user` WHERE ( 1=1 AND id='3' ) LIMIT 1   [ RunTime:0.0000s ]
SQL: SELECT `username` FROM `user` WHERE ( 1=1 AND id='3' ) LIMIT 1   [ RunTime:0.0010s ]
SQL: SELECT `username` FROM `user` WHERE ( 1=1 AND id='2' ) LIMIT 1   [ RunTime:0.0000s ]
SQL: SELECT `id` FROM `user` WHERE `username` = '张三' LIMIT 1   [ RunTime:0.0000s ]
SQL: SELECT `content`,`creat`,`uid` FROM `comment` WHERE ( tid=29 ) ORDER BY creat DESC  [ RunTime:0.0010s ]
SQL: SELECT `username` FROM `user` WHERE ( 1=1 AND id='3' ) LIMIT 1   [ RunTime:0.0000s ]
SQL: SELECT `id` FROM `user` WHERE `username` = '蜡笔小新' LIMIT 1   [ RunTime:0.0000s ]
SQL: SELECT `id` FROM `user` WHERE `username` = '张三' LIMIT 1   [ RunTime:0.0010s ]
SQL: SELECT `id` FROM `user` WHERE `username` = '蜡笔小新' LIMIT 1   [ RunTime:0.0010s ]
SQL: SELECT `content`,`creat`,`uid` FROM `comment` WHERE ( tid=28 ) ORDER BY creat DESC  [ RunTime:0.0000s ]
SQL: SELECT `content`,`creat`,`uid` FROM `comment` WHERE ( tid=27 ) ORDER BY creat DESC  [ RunTime:0.0000s ]
SQL: SELECT `username` FROM `user` WHERE ( 1=1 AND id='3' ) LIMIT 1   [ RunTime:0.0000s ]
SQL: SELECT `username` FROM `user` WHERE ( 1=1 AND id='3' ) LIMIT 1   [ RunTime:0.0000s ]
SQL: SELECT `username` FROM `user` WHERE ( 1=1 AND id='3' ) LIMIT 1   [ RunTime:0.0010s ]
INFO: [ view_parse ] --START--
INFO: [ template_filter ] --START--
INFO: Run Behavior\ContentReplaceBehavior [ RunTime:0.000000s ]
INFO: [ template_filter ] --END-- [ RunTime:0.000000s ]
INFO: Run Behavior\ParseTemplateBehavior [ RunTime:0.011001s ]
INFO: [ view_parse ] --END-- [ RunTime:0.011001s ]
INFO: [ view_filter ] --START--
INFO: Run Behavior\WriteHtmlCacheBehavior [ RunTime:0.000000s ]
INFO: [ view_filter ] --END-- [ RunTime:0.000000s ]
INFO: [ app_end ] --START--
INFO: Run Behavior\ShowPageTraceBehavior [ RunTime:0.000000s ]
INFO: [ app_end ] --END-- [ RunTime:0.000000s ]

[ 2017-02-26T10:05:48+08:00 ] 127.0.0.1 /seting/index.html
INFO: [ app_init ] --START--
INFO: Run Behavior\BuildLiteBehavior [ RunTime:0.000000s ]
INFO: [ app_init ] --END-- [ RunTime:0.000000s ]
INFO: [ app_begin ] --START--
INFO: Run Behavior\ReadHtmlCacheBehavior [ RunTime:0.001000s ]
INFO: [ app_begin ] --END-- [ RunTime:0.001000s ]
SQL: SHOW COLUMNS FROM `user` [ RunTime:0.0020s ]
SQL: SELECT `id`,`username`,`email` FROM `user` WHERE `id` = 2 LIMIT 1   [ RunTime:0.0000s ]
SQL: SHOW COLUMNS FROM `user_intro` [ RunTime:0.0010s ]
SQL: SELECT `intro` FROM `user_intro` WHERE ( 1=1 AND uid='2' ) LIMIT 1   [ RunTime:0.0000s ]
INFO: [ view_parse ] --START--
INFO: [ template_filter ] --START--
INFO: Run Behavior\ContentReplaceBehavior [ RunTime:0.000000s ]
INFO: [ template_filter ] --END-- [ RunTime:0.000000s ]
INFO: Run Behavior\ParseTemplateBehavior [ RunTime:0.007001s ]
INFO: [ view_parse ] --END-- [ RunTime:0.007001s ]
INFO: [ view_filter ] --START--
INFO: Run Behavior\WriteHtmlCacheBehavior [ RunTime:0.001000s ]
INFO: [ view_filter ] --END-- [ RunTime:0.001000s ]
INFO: [ app_end ] --START--
INFO: Run Behavior\ShowPageTraceBehavior [ RunTime:0.000000s ]
INFO: [ app_end ] --END-- [ RunTime:0.000000s ]

[ 2017-02-26T10:05:54+08:00 ] 127.0.0.1 /seting/face.html
INFO: [ app_init ] --START--
INFO: Run Behavior\BuildLiteBehavior [ RunTime:0.000000s ]
INFO: [ app_init ] --END-- [ RunTime:0.000000s ]
INFO: [ app_begin ] --START--
INFO: Run Behavior\ReadHtmlCacheBehavior [ RunTime:0.000000s ]
INFO: [ app_begin ] --END-- [ RunTime:0.001000s ]
SQL: SHOW COLUMNS FROM `user` [ RunTime:0.0010s ]
SQL: SELECT `face` FROM `user` WHERE ( id=2 ) LIMIT 1   [ RunTime:0.0000s ]
INFO: [ view_parse ] --START--
INFO: [ template_filter ] --START--
INFO: Run Behavior\ContentReplaceBehavior [ RunTime:0.001000s ]
INFO: [ template_filter ] --END-- [ RunTime:0.001000s ]
INFO: Run Behavior\ParseTemplateBehavior [ RunTime:0.008001s ]
INFO: [ view_parse ] --END-- [ RunTime:0.008001s ]
INFO: [ view_filter ] --START--
INFO: Run Behavior\WriteHtmlCacheBehavior [ RunTime:0.000000s ]
INFO: [ view_filter ] --END-- [ RunTime:0.000000s ]
INFO: [ app_end ] --START--
INFO: Run Behavior\ShowPageTraceBehavior [ RunTime:0.001000s ]
INFO: [ app_end ] --END-- [ RunTime:0.001000s ]

[ 2017-02-26T10:05:54+08:00 ] 127.0.0.1 /seting/
INFO: [ app_init ] --START--
INFO: Run Behavior\BuildLiteBehavior [ RunTime:0.000000s ]
INFO: [ app_init ] --END-- [ RunTime:0.000000s ]
INFO: [ app_begin ] --START--
INFO: Run Behavior\ReadHtmlCacheBehavior [ RunTime:0.001000s ]
INFO: [ app_begin ] --END-- [ RunTime:0.001000s ]
SQL: SHOW COLUMNS FROM `user` [ RunTime:0.0010s ]
SQL: SELECT `id`,`username`,`email` FROM `user` WHERE `id` = 2 LIMIT 1   [ RunTime:0.0010s ]
SQL: SHOW COLUMNS FROM `user_intro` [ RunTime:0.0010s ]
SQL: SELECT `intro` FROM `user_intro` WHERE ( 1=1 AND uid='2' ) LIMIT 1   [ RunTime:0.0010s ]
INFO: [ view_parse ] --START--
INFO: [ template_filter ] --START--
INFO: Run Behavior\ContentReplaceBehavior [ RunTime:0.000000s ]
INFO: [ template_filter ] --END-- [ RunTime:0.000000s ]
INFO: Run Behavior\ParseTemplateBehavior [ RunTime:0.010001s ]
INFO: [ view_parse ] --END-- [ RunTime:0.010001s ]
INFO: [ view_filter ] --START--
INFO: Run Behavior\WriteHtmlCacheBehavior [ RunTime:0.001000s ]
INFO: [ view_filter ] --END-- [ RunTime:0.001000s ]
INFO: [ app_end ] --START--
INFO: Run Behavior\ShowPageTraceBehavior [ RunTime:0.000000s ]
INFO: [ app_end ] --END-- [ RunTime:0.001000s ]

[ 2017-02-26T10:17:29+08:00 ] 127.0.0.1 /seting/refer.html
INFO: [ app_init ] --START--
INFO: Run Behavior\BuildLiteBehavior [ RunTime:0.000000s ]
INFO: [ app_init ] --END-- [ RunTime:0.000000s ]
INFO: [ app_begin ] --START--
INFO: Run Behavior\ReadHtmlCacheBehavior [ RunTime:0.001000s ]
INFO: [ app_begin ] --END-- [ RunTime:0.001000s ]
ERR: 非法操作:refer

[ 2017-02-26T10:17:44+08:00 ] 127.0.0.1 /seting/refer.html
INFO: [ app_init ] --START--
INFO: Run Behavior\BuildLiteBehavior [ RunTime:0.000000s ]
INFO: [ app_init ] --END-- [ RunTime:0.000000s ]
INFO: [ app_begin ] --START--
INFO: Run Behavior\ReadHtmlCacheBehavior [ RunTime:0.001001s ]
INFO: [ app_begin ] --END-- [ RunTime:0.001001s ]
SQL: SHOW COLUMNS FROM `refer` [ RunTime:0.0040s ]
ERR: 1064:You have an error in your SQL syntax; check the manual that corresponds to your MariaDB server version for the right syntax to use near 'create DESC' at line 1
 [ SQL语句 ] : SELECT * FROM `refer` WHERE `uid` = 2 AND `read` = 0 ORDER BY create DESC 
ERR: 1064:You have an error in your SQL syntax; check the manual that corresponds to your MariaDB server version for the right syntax to use near 'create DESC' at line 1
 [ SQL语句 ] : SELECT * FROM `refer` WHERE `uid` = 2 AND `read` = 0 ORDER BY create DESC 

[ 2017-02-26T10:19:53+08:00 ] 127.0.0.1 /seting/refer.html
INFO: [ app_init ] --START--
INFO: Run Behavior\BuildLiteBehavior [ RunTime:0.000000s ]
INFO: [ app_init ] --END-- [ RunTime:0.000000s ]
INFO: [ app_begin ] --START--
INFO: Run Behavior\ReadHtmlCacheBehavior [ RunTime:0.001000s ]
INFO: [ app_begin ] --END-- [ RunTime:0.001000s ]
SQL: SHOW COLUMNS FROM `refer` [ RunTime:0.0040s ]
SQL: SELECT * FROM `refer` WHERE `uid` = 2 AND `read` = 0 ORDER BY `create` DESC  [ RunTime:0.0000s ]
INFO: [ app_end ] --START--
INFO: Run Behavior\ShowPageTraceBehavior [ RunTime:0.001000s ]
INFO: [ app_end ] --END-- [ RunTime:0.001000s ]

[ 2017-02-26T10:20:12+08:00 ] 127.0.0.1 /seting/refer.html
INFO: [ app_init ] --START--
INFO: Run Behavior\BuildLiteBehavior [ RunTime:0.000000s ]
INFO: [ app_init ] --END-- [ RunTime:0.000000s ]
INFO: [ app_begin ] --START--
INFO: Run Behavior\ReadHtmlCacheBehavior [ RunTime:0.001001s ]
INFO: [ app_begin ] --END-- [ RunTime:0.001001s ]
SQL: SHOW COLUMNS FROM `refer` [ RunTime:0.0020s ]
SQL: SELECT * FROM `refer` WHERE `uid` = 2 AND `read` = 0 ORDER BY `create` DESC  [ RunTime:0.0010s ]
INFO: [ app_end ] --START--
INFO: Run Behavior\ShowPageTraceBehavior [ RunTime:0.001000s ]
INFO: [ app_end ] --END-- [ RunTime:0.001000s ]

[ 2017-02-26T11:27:51+08:00 ] 127.0.0.1 /index/partLoad
INFO: [ app_begin ] --START--
INFO: Run Behavior\ReadHtmlCacheBehavior [ RunTime:0.000000s ]
INFO: [ app_begin ] --END-- [ RunTime:0.001000s ]
SQL: SHOW COLUMNS FROM `topic` [ RunTime:0.0020s ]
SQL: SHOW COLUMNS FROM `topic` [ RunTime:0.0010s ]
SQL: SELECT a.id,a.content,a.content_over,a.create,a.uid,b.face face,b.username username FROM topic a,user b WHERE ( a.uid=b.id ) ORDER BY `create` DESC LIMIT 5,5   [ RunTime:0.0000s ]
SQL: SHOW COLUMNS FROM `topic_img` [ RunTime:0.0010s ]
SQL: SELECT * FROM `topic_img` WHERE ( 1=1 AND topic_id='26' )  [ RunTime:0.0000s ]
SQL: SHOW COLUMNS FROM `comment` [ RunTime:0.0010s ]
SQL: SELECT `id`,`content`,`creat`,`tid`,`uid` FROM `comment` WHERE ( 1=1 AND tid='26' ) ORDER BY creat DESC  [ RunTime:0.0000s ]
SQL: SELECT * FROM `topic_img` WHERE ( 1=1 AND topic_id='25' )  [ RunTime:0.0000s ]
SQL: SELECT `id`,`content`,`creat`,`tid`,`uid` FROM `comment` WHERE ( 1=1 AND tid='25' ) ORDER BY creat DESC  [ RunTime:0.0000s ]
SQL: SELECT * FROM `topic_img` WHERE ( 1=1 AND topic_id='24' )  [ RunTime:0.0010s ]
SQL: SELECT `id`,`content`,`creat`,`tid`,`uid` FROM `comment` WHERE ( 1=1 AND tid='24' ) ORDER BY creat DESC  [ RunTime:0.0000s ]
SQL: SELECT * FROM `topic_img` WHERE ( 1=1 AND topic_id='23' )  [ RunTime:0.0010s ]
SQL: SELECT `id`,`content`,`creat`,`tid`,`uid` FROM `comment` WHERE ( 1=1 AND tid='23' ) ORDER BY creat DESC  [ RunTime:0.0000s ]
SQL: SELECT * FROM `topic_img` WHERE ( 1=1 AND topic_id='22' )  [ RunTime:0.0010s ]
SQL: SELECT `id`,`content`,`creat`,`tid`,`uid` FROM `comment` WHERE ( 1=1 AND tid='22' ) ORDER BY creat DESC  [ RunTime:0.0000s ]
SQL: SHOW COLUMNS FROM `comment` [ RunTime:0.0020s ]
SQL: SELECT `content`,`creat`,`uid` FROM `comment` WHERE ( tid=26 ) ORDER BY creat DESC LIMIT 5   [ RunTime:0.0010s ]
SQL: SELECT `content`,`creat`,`uid` FROM `comment` WHERE ( tid=25 ) ORDER BY creat DESC LIMIT 5   [ RunTime:0.0000s ]
SQL: SELECT `content`,`creat`,`uid` FROM `comment` WHERE ( tid=24 ) ORDER BY creat DESC LIMIT 5   [ RunTime:0.0010s ]
SQL: SHOW COLUMNS FROM `user` [ RunTime:0.0020s ]
SQL: SELECT `username` FROM `user` WHERE ( 1=1 AND id='3' ) LIMIT 1   [ RunTime:0.0000s ]
SQL: SELECT `username` FROM `user` WHERE ( 1=1 AND id='1' ) LIMIT 1   [ RunTime:0.0010s ]
SQL: SELECT `content`,`creat`,`uid` FROM `comment` WHERE ( tid=23 ) ORDER BY creat DESC LIMIT 5   [ RunTime:0.0000s ]
SQL: SELECT `username` FROM `user` WHERE ( 1=1 AND id='3' ) LIMIT 1   [ RunTime:0.0010s ]
SQL: SELECT `content`,`creat`,`uid` FROM `comment` WHERE ( tid=22 ) ORDER BY creat DESC LIMIT 5   [ RunTime:0.0000s ]
SQL: SELECT `username` FROM `user` WHERE ( 1=1 AND id='3' ) LIMIT 1   [ RunTime:0.0000s ]
INFO: [ view_parse ] --START--
INFO: [ template_filter ] --START--
INFO: Run Behavior\ContentReplaceBehavior [ RunTime:0.000000s ]
INFO: [ template_filter ] --END-- [ RunTime:0.000000s ]
INFO: Run Behavior\ParseTemplateBehavior [ RunTime:0.007000s ]
INFO: [ view_parse ] --END-- [ RunTime:0.007000s ]
INFO: [ view_filter ] --START--
INFO: Run Behavior\WriteHtmlCacheBehavior [ RunTime:0.000000s ]
INFO: [ view_filter ] --END-- [ RunTime:0.000000s ]
INFO: [ app_end ] --START--
INFO: Run Behavior\ShowPageTraceBehavior [ RunTime:0.000000s ]
INFO: [ app_end ] --END-- [ RunTime:0.000000s ]

[ 2017-02-26T11:28:00+08:00 ] 127.0.0.1 /index/partLoad
INFO: [ app_begin ] --START--
INFO: Run Behavior\ReadHtmlCacheBehavior [ RunTime:0.000000s ]
INFO: [ app_begin ] --END-- [ RunTime:0.001000s ]
SQL: SHOW COLUMNS FROM `topic` [ RunTime:0.0020s ]
SQL: SHOW COLUMNS FROM `topic` [ RunTime:0.0010s ]
SQL: SELECT a.id,a.content,a.content_over,a.create,a.uid,b.face face,b.username username FROM topic a,user b WHERE ( a.uid=b.id ) ORDER BY `create` DESC LIMIT 10,5   [ RunTime:0.0010s ]
SQL: SHOW COLUMNS FROM `topic_img` [ RunTime:0.0020s ]
SQL: SELECT * FROM `topic_img` WHERE ( 1=1 AND topic_id='21' )  [ RunTime:0.0000s ]
SQL: SHOW COLUMNS FROM `comment` [ RunTime:0.0010s ]
SQL: SELECT `id`,`content`,`creat`,`tid`,`uid` FROM `comment` WHERE ( 1=1 AND tid='21' ) ORDER BY creat DESC  [ RunTime:0.0000s ]
SQL: SHOW COLUMNS FROM `comment` [ RunTime:0.0530s ]
SQL: SELECT `content`,`creat`,`uid` FROM `comment` WHERE ( tid=21 ) ORDER BY creat DESC LIMIT 5   [ RunTime:0.0010s ]
SQL: SHOW COLUMNS FROM `user` [ RunTime:0.0030s ]
SQL: SELECT `id` FROM `user` WHERE `username` = '张三' LIMIT 1   [ RunTime:0.0010s ]
SQL: SELECT `id` FROM `user` WHERE `username` = '无名' LIMIT 1   [ RunTime:0.0000s ]
INFO: [ view_parse ] --START--
INFO: [ template_filter ] --START--
INFO: Run Behavior\ContentReplaceBehavior [ RunTime:0.000000s ]
INFO: [ template_filter ] --END-- [ RunTime:0.000000s ]
INFO: Run Behavior\ParseTemplateBehavior [ RunTime:0.015001s ]
INFO: [ view_parse ] --END-- [ RunTime:0.015001s ]
INFO: [ view_filter ] --START--
INFO: Run Behavior\WriteHtmlCacheBehavior [ RunTime:0.001000s ]
INFO: [ view_filter ] --END-- [ RunTime:0.001000s ]
INFO: [ app_end ] --START--
INFO: Run Behavior\ShowPageTraceBehavior [ RunTime:0.001000s ]
INFO: [ app_end ] --END-- [ RunTime:0.001000s ]

[ 2017-02-26T12:08:28+08:00 ] 127.0.0.1 /index/partLoad
INFO: [ app_begin ] --START--
INFO: Run Behavior\ReadHtmlCacheBehavior [ RunTime:0.000000s ]
INFO: [ app_begin ] --END-- [ RunTime:0.001000s ]
SQL: SHOW COLUMNS FROM `topic` [ RunTime:0.0010s ]
SQL: SHOW COLUMNS FROM `topic` [ RunTime:0.0010s ]
SQL: SELECT a.id,a.content,a.content_over,a.create,a.uid,b.face face,b.username username FROM topic a,user b WHERE ( a.uid=b.id ) ORDER BY `create` DESC LIMIT 5,5   [ RunTime:0.0340s ]
SQL: SHOW COLUMNS FROM `topic_img` [ RunTime:0.0030s ]
SQL: SELECT * FROM `topic_img` WHERE ( 1=1 AND topic_id='26' )  [ RunTime:0.0120s ]
SQL: SHOW COLUMNS FROM `comment` [ RunTime:0.0030s ]
SQL: SELECT `id`,`content`,`creat`,`tid`,`uid` FROM `comment` WHERE ( 1=1 AND tid='26' ) ORDER BY creat DESC  [ RunTime:0.0100s ]
SQL: SELECT * FROM `topic_img` WHERE ( 1=1 AND topic_id='25' )  [ RunTime:0.0000s ]
SQL: SELECT `id`,`content`,`creat`,`tid`,`uid` FROM `comment` WHERE ( 1=1 AND tid='25' ) ORDER BY creat DESC  [ RunTime:0.0000s ]
SQL: SELECT * FROM `topic_img` WHERE ( 1=1 AND topic_id='24' )  [ RunTime:0.0000s ]
SQL: SELECT `id`,`content`,`creat`,`tid`,`uid` FROM `comment` WHERE ( 1=1 AND tid='24' ) ORDER BY creat DESC  [ RunTime:0.0010s ]
SQL: SELECT * FROM `topic_img` WHERE ( 1=1 AND topic_id='23' )  [ RunTime:0.0000s ]
SQL: SELECT `id`,`content`,`creat`,`tid`,`uid` FROM `comment` WHERE ( 1=1 AND tid='23' ) ORDER BY creat DESC  [ RunTime:0.0000s ]
SQL: SELECT * FROM `topic_img` WHERE ( 1=1 AND topic_id='22' )  [ RunTime:0.0000s ]
SQL: SELECT `id`,`content`,`creat`,`tid`,`uid` FROM `comment` WHERE ( 1=1 AND tid='22' ) ORDER BY creat DESC  [ RunTime:0.0010s ]
SQL: SHOW COLUMNS FROM `comment` [ RunTime:0.0030s ]
SQL: SELECT `content`,`creat`,`uid` FROM `comment` WHERE ( tid=26 ) ORDER BY creat DESC LIMIT 5   [ RunTime:0.0000s ]
SQL: SELECT `content`,`creat`,`uid` FROM `comment` WHERE ( tid=25 ) ORDER BY creat DESC LIMIT 5   [ RunTime:0.0000s ]
SQL: SELECT `content`,`creat`,`uid` FROM `comment` WHERE ( tid=24 ) ORDER BY creat DESC LIMIT 5   [ RunTime:0.0000s ]
SQL: SHOW COLUMNS FROM `user` [ RunTime:0.0030s ]
SQL: SELECT `username` FROM `user` WHERE ( 1=1 AND id='3' ) LIMIT 1   [ RunTime:0.0010s ]
SQL: SELECT `username` FROM `user` WHERE ( 1=1 AND id='1' ) LIMIT 1   [ RunTime:0.0010s ]
SQL: SELECT `content`,`creat`,`uid` FROM `comment` WHERE ( tid=23 ) ORDER BY creat DESC LIMIT 5   [ RunTime:0.0010s ]
SQL: SELECT `username` FROM `user` WHERE ( 1=1 AND id='3' ) LIMIT 1   [ RunTime:0.0010s ]
SQL: SELECT `content`,`creat`,`uid` FROM `comment` WHERE ( tid=22 ) ORDER BY creat DESC LIMIT 5   [ RunTime:0.0010s ]
SQL: SELECT `username` FROM `user` WHERE ( 1=1 AND id='3' ) LIMIT 1   [ RunTime:0.0010s ]
INFO: [ view_parse ] --START--
INFO: [ template_filter ] --START--
INFO: Run Behavior\ContentReplaceBehavior [ RunTime:0.000000s ]
INFO: [ template_filter ] --END-- [ RunTime:0.001000s ]
INFO: Run Behavior\ParseTemplateBehavior [ RunTime:0.011001s ]
INFO: [ view_parse ] --END-- [ RunTime:0.011001s ]
INFO: [ view_filter ] --START--
INFO: Run Behavior\WriteHtmlCacheBehavior [ RunTime:0.001000s ]
INFO: [ view_filter ] --END-- [ RunTime:0.001000s ]
INFO: [ app_end ] --START--
INFO: Run Behavior\ShowPageTraceBehavior [ RunTime:0.000000s ]
INFO: [ app_end ] --END-- [ RunTime:0.000000s ]

[ 2017-02-26T14:09:04+08:00 ] 127.0.0.1 /seting/cleanRefer
INFO: [ app_begin ] --START--
INFO: Run Behavior\ReadHtmlCacheBehavior [ RunTime:0.001000s ]
INFO: [ app_begin ] --END-- [ RunTime:0.001000s ]
NOTIC: [8] Use of undefined constant IS_JAJX - assumed 'IS_JAJX' E:\www\Application\Home\Controller\SetingController.class.php 第 104 行.
SQL: SHOW COLUMNS FROM `refer` [ RunTime:0.0010s ]
INFO: [ app_end ] --START--
INFO: Run Behavior\ShowPageTraceBehavior [ RunTime:0.000000s ]
INFO: [ app_end ] --END-- [ RunTime:0.000000s ]

[ 2017-02-26T14:10:09+08:00 ] 127.0.0.1 /seting/cleanRefer
INFO: [ app_begin ] --START--
INFO: Run Behavior\ReadHtmlCacheBehavior [ RunTime:0.000000s ]
INFO: [ app_begin ] --END-- [ RunTime:0.001000s ]
NOTIC: [8] Use of undefined constant IS_JAJX - assumed 'IS_JAJX' E:\www\Application\Home\Controller\SetingController.class.php 第 104 行.
SQL: SHOW COLUMNS FROM `refer` [ RunTime:0.0020s ]
INFO: [ app_end ] --START--
INFO: Run Behavior\ShowPageTraceBehavior [ RunTime:0.001000s ]
INFO: [ app_end ] --END-- [ RunTime:0.002000s ]

[ 2017-02-26T14:11:50+08:00 ] 127.0.0.1 /seting/cleanRefer
INFO: [ app_begin ] --START--
INFO: Run Behavior\ReadHtmlCacheBehavior [ RunTime:0.000000s ]
INFO: [ app_begin ] --END-- [ RunTime:0.000000s ]
NOTIC: [8] Use of undefined constant IS_JAJX - assumed 'IS_JAJX' E:\www\Application\Home\Controller\SetingController.class.php 第 104 行.

[ 2017-02-26T14:12:44+08:00 ] 127.0.0.1 /seting/cleanRefer
INFO: [ app_begin ] --START--
INFO: Run Behavior\ReadHtmlCacheBehavior [ RunTime:0.001000s ]
INFO: [ app_begin ] --END-- [ RunTime:0.002000s ]

[ 2017-02-26T14:13:49+08:00 ] 127.0.0.1 /seting/cleanRefer
INFO: [ app_begin ] --START--
INFO: Run Behavior\ReadHtmlCacheBehavior [ RunTime:0.000000s ]
INFO: [ app_begin ] --END-- [ RunTime:0.000000s ]
SQL: SHOW COLUMNS FROM `refer` [ RunTime:0.0010s ]

[ 2017-02-26T14:14:26+08:00 ] 127.0.0.1 /seting/cleanRefer
INFO: [ app_begin ] --START--
INFO: Run Behavior\ReadHtmlCacheBehavior [ RunTime:0.001000s ]
INFO: [ app_begin ] --END-- [ RunTime:0.002000s ]
SQL: SHOW COLUMNS FROM `refer` [ RunTime:0.0010s ]
INFO: [ app_end ] --START--
INFO: Run Behavior\ShowPageTraceBehavior [ RunTime:0.001000s ]
INFO: [ app_end ] --END-- [ RunTime:0.001000s ]

[ 2017-02-26T14:14:41+08:00 ] 127.0.0.1 /seting/cleanRefer
INFO: [ app_begin ] --START--
INFO: Run Behavior\ReadHtmlCacheBehavior [ RunTime:0.000000s ]
INFO: [ app_begin ] --END-- [ RunTime:0.001000s ]
SQL: SHOW COLUMNS FROM `refer` [ RunTime:0.0010s ]
INFO: [ app_end ] --START--
INFO: Run Behavior\ShowPageTraceBehavior [ RunTime:0.001000s ]
INFO: [ app_end ] --END-- [ RunTime:0.001000s ]

[ 2017-02-26T14:15:25+08:00 ] 127.0.0.1 /seting/cleanRefer
INFO: [ app_begin ] --START--
INFO: Run Behavior\ReadHtmlCacheBehavior [ RunTime:0.001000s ]
INFO: [ app_begin ] --END-- [ RunTime:0.001000s ]
SQL: SHOW COLUMNS FROM `refer` [ RunTime:0.0030s ]
SQL: DELETE FROM `refer` WHERE ( 5 ) [ RunTime:0.1440s ]
INFO: [ app_end ] --START--
INFO: Run Behavior\ShowPageTraceBehavior [ RunTime:0.001000s ]
INFO: [ app_end ] --END-- [ RunTime:0.001000s ]

[ 2017-02-26T14:20:35+08:00 ] 127.0.0.1 /seting/domain.html
ERR: 非法操作:domain

[ 2017-02-26T14:21:10+08:00 ] 127.0.0.1 /seting/cleanRefer
INFO: [ app_begin ] --START--
INFO: Run Behavior\ReadHtmlCacheBehavior [ RunTime:0.001000s ]
INFO: [ app_begin ] --END-- [ RunTime:0.001000s ]
SQL: SHOW COLUMNS FROM `refer` [ RunTime:0.0010s ]
SQL: DELETE FROM `refer` WHERE ( id=3 ) [ RunTime:0.0410s ]
INFO: [ app_end ] --START--
INFO: Run Behavior\ShowPageTraceBehavior [ RunTime:0.000000s ]
INFO: [ app_end ] --END-- [ RunTime:0.000000s ]

